<?xml version="1.0" encoding="UTF-8" ?>
<testsuite errors="0" failures="0" hostname="VoQn-MacBook.local" name="jp.ne.voqn.CalculatorTest" tests="8" time="0.097" timestamp="2010-03-06T07:13:55">
  <properties>
[...]
</properties>
  <testcase classname="jp.ne.voqn.CalculatorTest" name="testSumNormal" time="0.0040" />
  <testcase classname="jp.ne.voqn.CalculatorTest" name="testSumErrorCase" time="0.0" />
  <testcase classname="jp.ne.voqn.CalculatorTest" name="testProduct" time="0.0" />
  <testcase classname="jp.ne.voqn.CalculatorTest" name="testProductErrorCase" time="0.0010" />
  <testcase classname="jp.ne.voqn.CalculatorTest" name="testMax" time="0.0" />
  <testcase classname="jp.ne.voqn.CalculatorTest" name="testMaxErrorCase" time="0.0010" />
  <testcase classname="jp.ne.voqn.CalculatorTest" name="testMin" time="0.0" />
  <testcase classname="jp.ne.voqn.CalculatorTest" name="testMinErrorCase" time="0.0" />
  <system-out><![CDATA[]]></system-out>
  <system-err><![CDATA[]]></system-err>
</testsuite>
