<?xml version="1.0" encoding="UTF-8" ?>
<testsuite errors="0" failures="0" hostname="VoQn-MacBook.local" name="jp.ne.voqn.labs.StringsControlTest" tests="2" time="0.09" timestamp="2010-04-03T06:20:33">
  <properties>
[...]
</properties>
  <testcase classname="jp.ne.voqn.labs.StringsControlTest" name="testConnect_String_List" time="0.0040" />
  <testcase classname="jp.ne.voqn.labs.StringsControlTest" name="testConnect_String_ObjectArr" time="0.0010" />
  <system-out><![CDATA[]]></system-out>
  <system-err><![CDATA[]]></system-err>
</testsuite>
